Removed Pin From Net: NetName=GND Pin=C14-1
Removed Pin From Net: NetName=NetC16_1 Pin=C16-1
Removed Pin From Net: NetName=GND Pin=C17-2
Removed Pin From Net: NetName=GND Pin=C31-1
Removed Pin From Net: NetName=Lo1 Pin=IC1-10
Removed Pin From Net: NetName=Ho1 Pin=IC1-11
Removed Pin From Net: NetName=Hf Pin=IC1-16
Removed Pin From Net: NetName=Lo2 Pin=IC1-40
Removed Pin From Net: NetName=Ho3 Pin=IC1-43
Removed Pin From Net: NetName=Ho2 Pin=IC1-56
Removed Pin From Net: NetName=+3.3V Pin=R7-2
Removed Pin From Net: NetName=NetIC1_6 Pin=R11-2
Removed Pin From Net: NetName=NetIC1_4 Pin=R12-1
Removed Pin From Net: NetName=NetLD3_1 Pin=R12-2
Removed Pin From Net: NetName=NetLD1_1 Pin=R13-1
Removed Pin From Net: NetName=+3.3V Pin=R13-2
Removed Pin From Net: NetName=NetIC1_17 Pin=R14-1
Removed Pin From Net: NetName=NetLD2_1 Pin=R14-2
Removed Pin From Net: NetName=NetIC1_9 Pin=R16-1
Removed Pin From Net: NetName=I/O 12 Pin=R22-1
Removed Pin From Net: NetName=GND Pin=Z6-1
Removed Member From Class: ClassName=proyecto final Member=C31
Removed Member From Class: ClassName=proyecto final Member=R22
Removed Member From Class: ClassName=proyecto final Member=Z6
Change Component Comment : Designator=R7 Old Comment=10k New Comment=220
Change Component Comment : Designator=R11 Old Comment=22K New Comment=220
Change Component Comment : Designator=C17 Old Comment=30 pF New Comment=100 nF
Change Component Comment : Designator=C14 Old Comment=100 nF New Comment=30 pF
Change Component Comment : Designator=R14 Old Comment=220 New Comment=10k
Change Component Comment : Designator=R12 Old Comment=220 New Comment=22K
Added Component: Designator=IC4(SOIC-18)
Add component (AddParameter): Name = "LatestRevisionDate"; Value = "17-Jul-2002"; VariantName = "[No Variations]"
Add component (AddParameter): Name = "LatestRevisionNote"; Value = "Re-released for DXP Platform."; VariantName = "[No Variations]"
Add component (AddParameter): Name = "Publisher"; Value = "Altium Limited"; VariantName = "[No Variations]"
Added Pin To Net: NetName=NetC16_1 Pin=C14-1
Added Pin To Net: NetName=GND Pin=C14-2
Added Pin To Net: NetName=GND Pin=C17-1
Added Pin To Net: NetName=I/O 12 Pin=IC4-10
Added Pin To Net: NetName=I/O 10 Pin=IC4-11
Added Pin To Net: NetName=I/O 9 Pin=IC4-12
Added Pin To Net: NetName=Ho2 Pin=IC4-13
Added Pin To Net: NetName=Lo1 Pin=IC4-14
Added Pin To Net: NetName=Hf Pin=IC4-15
Added Pin To Net: NetName=Ho1 Pin=IC4-16
Added Pin To Net: NetName=Ho3 Pin=IC4-17
Added Pin To Net: NetName=Lo2 Pin=IC4-18
Added Pin To Net: NetName=NetIC1_17 Pin=R7-1
Added Pin To Net: NetName=NetLD1_1 Pin=R7-2
Added Pin To Net: NetName=NetLD2_1 Pin=R11-1
Added Pin To Net: NetName=+3.3V Pin=R11-2
Added Pin To Net: NetName=NetIC1_6 Pin=R12-2
Added Pin To Net: NetName=NetIC1_9 Pin=R13-1
Added Pin To Net: NetName=NetLD3_1 Pin=R13-2
Added Pin To Net: NetName=+3.3V Pin=R14-2
Added Pin To Net: NetName=NetIC1_4 Pin=R16-1
Change Net Name : Old Net Name=NetC16_1 New Net Name=NetC14_1
Added Pin To Net: NetName=NetC16_1 Pin=C16-1
Added Pin To Net: NetName=NetC16_1 Pin=R12-1
Added Pin To Net: NetName=NetC16_1 Pin=Y1-1
Added Pin To Net: NetName=NetC16_1 Pin=Y1-1
Added Net: Name=NetC16_1
Added Pin To Net: NetName=NetC17_2 Pin=C17-2
Added Pin To Net: NetName=NetC17_2 Pin=IC1-7
Added Pin To Net: NetName=NetC17_2 Pin=R14-1
Added Net: Name=NetC17_2
Added Member To Class: ClassName=proyecto final Member=Component IC4 ULN2803
