Removed Pin From Net: NetName=+5V Pin=CONEXION DE POTENCIA-1
Removed Pin From Net: NetName=Lo2 Pin=CONEXION DE POTENCIA-2
Removed Pin From Net: NetName=Ho1 Pin=CONEXION DE POTENCIA-3
Removed Pin From Net: NetName=Ho3 Pin=CONEXION DE POTENCIA-4
Removed Pin From Net: NetName=Lo1 Pin=CONEXION DE POTENCIA-5
Removed Pin From Net: NetName=Hf Pin=CONEXION DE POTENCIA-6
Removed Pin From Net: NetName=Ho2 Pin=CONEXION DE POTENCIA-7
Removed Pin From Net: NetName=GND Pin=CONEXION DE POTENCIA-8
Removed Pin From Net: NetName=GND Pin=P6-1
Removed Pin From Net: NetName=I/O 4 Pin=P6-2
Removed Pin From Net: NetName=I/O 8 Pin=P6-3
Removed Pin From Net: NetName=I/O 3 Pin=P6-4
Removed Pin From Net: NetName=I/O 7 Pin=P6-5
Removed Pin From Net: NetName=I/O 2 Pin=P6-6
Removed Pin From Net: NetName=I/O 6 Pin=P6-7
Removed Pin From Net: NetName=I/O 1 Pin=P6-8
Removed Pin From Net: NetName=I/O 5 Pin=P6-9
Removed Member From Class: ClassName=proyecto final Member=CONEXION DE POTENCIA
Change Component Footprint: Designator=P6 Old Footprint=HEADER 5x2 New Footprint=HEADER 6x2
Added Component: Designator=P8(HEADER IDC 8 FEMALE)
Add component (AddParameter): Name = "LatestRevisionDate"; Value = "17-Jul-2002"; VariantName = "[No Variations]"
Add component (AddParameter): Name = "LatestRevisionNote"; Value = "Re-released for DXP Platform."; VariantName = "[No Variations]"
Add component (AddParameter): Name = "Publisher"; Value = "Altium Limited"; VariantName = "[No Variations]"
Added Component: Designator=Q1(SOT-23)
Added Component: Designator=R15(R-2512)
Added Pin To Net: NetName=GND Pin=C9-2
Added Pin To Net: NetName=GND Pin=C10-2
Added Pin To Net: NetName=GND Pin=C11-2
Added Pin To Net: NetName=GND Pin=C12-2
Added Pin To Net: NetName=GND Pin=C13-2
Added Pin To Net: NetName=GND Pin=C25-1
Added Pin To Net: NetName=GND Pin=I2C-4
Added Pin To Net: NetName=GND Pin=IC1-13
Added Pin To Net: NetName=GND Pin=IC1-19
Added Pin To Net: NetName=GND Pin=IC1-32
Added Pin To Net: NetName=GND Pin=IC1-48
Added Pin To Net: NetName=GND Pin=IC1-64
Added Pin To Net: NetName=GND Pin=IC3-2
Added Pin To Net: NetName=GND Pin=IC3-2
Added Pin To Net: NetName=GND Pin=LS1-2
Added Pin To Net: NetName=GND Pin=P5-1
Added Pin To Net: NetName=Lo2 Pin=P6-1
Added Pin To Net: NetName=+5V Pin=P6-2
Added Pin To Net: NetName=Ho1 Pin=P6-3
Added Pin To Net: NetName=Ho3 Pin=P6-4
Added Pin To Net: NetName=Lo1 Pin=P6-5
Added Pin To Net: NetName=Hf Pin=P6-6
Added Pin To Net: NetName=Ho2 Pin=P6-7
Added Pin To Net: NetName=GND Pin=P6-8
Added Pin To Net: NetName=I/O 8 Pin=P6-9
Added Pin To Net: NetName=I/O 7 Pin=P6-10
Added Pin To Net: NetName=I/O 4 Pin=P6-11
Added Pin To Net: NetName=I/O 2 Pin=P8-1
Added Pin To Net: NetName=GND Pin=P8-2
Added Pin To Net: NetName=I/O 3 Pin=P8-3
Added Pin To Net: NetName=+5V Pin=P8-4
Added Pin To Net: NetName=I/O 6 Pin=P8-5
Added Pin To Net: NetName=I/O 1 Pin=P8-6
Added Pin To Net: NetName=I/O 5 Pin=P8-7
Added Pin To Net: NetName=GND Pin=P8-8
Added Pin To Net: NetName=+5V Pin=Q1-3
Added Pin To Net: NetName=GND Pin=R1-2
Added Pin To Net: NetName=GND Pin=R2-2
Added Pin To Net: NetName=GND Pin=R3-2
Added Pin To Net: NetName=GND Pin=R4-2
Added Pin To Net: NetName=GND Pin=R5-2
Added Pin To Net: NetName=GND Pin=R6-2
Added Pin To Net: NetName=GND Pin=R7-2
Added Pin To Net: NetName=GND Pin=R13-2
Change Net Name : Old Net Name=GND New Net Name=+3.3V
Added Pin To Net: NetName=Ib Pin=IC1-21
Added Pin To Net: NetName=Ib Pin=R15-1
Added Net: Name=Ib
Added Pin To Net: NetName=NetLS1_1 Pin=LS1-1
Added Pin To Net: NetName=NetLS1_1 Pin=Q1-2
Added Net: Name=NetLS1_1
Added Pin To Net: NetName=NetQ1_1 Pin=Q1-1
Added Pin To Net: NetName=NetQ1_1 Pin=R15-2
Added Net: Name=NetQ1_1
Added Member To Class: ClassName=proyecto final Member=Component P8 Header 4X2
Added Member To Class: ClassName=proyecto final Member=Component Q1 BC817
Added Member To Class: ClassName=proyecto final Member=Component R15 3.3K
