Removed Pin From Net: NetName=GND Pin=I/0-1
Removed Pin From Net: NetName=I/O 8 Pin=I/0-2
Removed Pin From Net: NetName=I/O 7 Pin=I/0-3
Removed Pin From Net: NetName=I/O 6 Pin=I/0-4
Removed Pin From Net: NetName=I/O 5 Pin=I/0-5
Removed Pin From Net: NetName=I/O 4 Pin=I/0-6
Removed Pin From Net: NetName=I/O 3 Pin=I/0-7
Removed Pin From Net: NetName=I/O 2 Pin=I/0-8
Removed Pin From Net: NetName=I/O 1 Pin=I/0-9
Removed Member From Class: ClassName=proyecto final Member=I/0
Added Component: Designator=P?(HEADER 5x2)
Add component (AddParameter): Name = "LatestRevisionDate"; Value = "17-Jul-2002"; VariantName = "[No Variations]"
Add component (AddParameter): Name = "LatestRevisionNote"; Value = "Re-released for DXP Platform."; VariantName = "[No Variations]"
Add component (AddParameter): Name = "Publisher"; Value = "Altium Limited"; VariantName = "[No Variations]"
Added Pin To Net: NetName=GND Pin=P?-1
Added Pin To Net: NetName=I/O 4 Pin=P?-2
Added Pin To Net: NetName=I/O 8 Pin=P?-3
Added Pin To Net: NetName=I/O 3 Pin=P?-4
Added Pin To Net: NetName=I/O 7 Pin=P?-5
Added Pin To Net: NetName=I/O 2 Pin=P?-6
Added Pin To Net: NetName=I/O 6 Pin=P?-7
Added Pin To Net: NetName=I/O 1 Pin=P?-8
Added Pin To Net: NetName=I/O 5 Pin=P?-9
Added Pin To Net: NetName=+3.3V Pin=P?-10
Added Member To Class: ClassName=proyecto final Member=Component P? Header 5X2
