Removed Pin From Net: NetName=+3.3V Pin=C9-2
Removed Pin From Net: NetName=+3.3V Pin=C10-2
Removed Pin From Net: NetName=+3.3V Pin=C11-2
Removed Pin From Net: NetName=+3.3V Pin=C12-2
Removed Pin From Net: NetName=+3.3V Pin=C13-2
Removed Pin From Net: NetName=+3.3V Pin=C25-1
Removed Pin From Net: NetName=+3.3V Pin=I2C-4
Removed Pin From Net: NetName=+3.3V Pin=IC1-13
Removed Pin From Net: NetName=+3.3V Pin=IC1-19
Removed Pin From Net: NetName=+3.3V Pin=IC1-32
Removed Pin From Net: NetName=+3.3V Pin=IC1-48
Removed Pin From Net: NetName=+3.3V Pin=IC1-64
Removed Pin From Net: NetName=+3.3V Pin=IC3-2
Removed Pin From Net: NetName=+3.3V Pin=IC3-2
Removed Pin From Net: NetName=+3.3V Pin=P5-1
Removed Pin From Net: NetName=+3.3V Pin=P8-2
Removed Pin From Net: NetName=+3.3V Pin=R1-2
Removed Pin From Net: NetName=+3.3V Pin=R2-2
Removed Pin From Net: NetName=+3.3V Pin=R3-2
Removed Pin From Net: NetName=+3.3V Pin=R4-2
Removed Pin From Net: NetName=+3.3V Pin=R5-2
Removed Pin From Net: NetName=+3.3V Pin=R6-2
Removed Pin From Net: NetName=+3.3V Pin=R7-2
Removed Pin From Net: NetName=+3.3V Pin=R13-2
Removed Member From Class: ClassName=proyecto final Member=P5
Change Net Name : Old Net Name=+3.3V New Net Name=GND
Added Pin To Net: NetName=+3.3V Pin=C9-2
Added Pin To Net: NetName=+3.3V Pin=C10-2
Added Pin To Net: NetName=+3.3V Pin=C11-2
Added Pin To Net: NetName=+3.3V Pin=C12-2
Added Pin To Net: NetName=+3.3V Pin=C13-2
Added Pin To Net: NetName=+3.3V Pin=C25-1
Added Pin To Net: NetName=+3.3V Pin=I2C-4
Added Pin To Net: NetName=+3.3V Pin=IC1-13
Added Pin To Net: NetName=+3.3V Pin=IC1-19
Added Pin To Net: NetName=+3.3V Pin=IC1-32
Added Pin To Net: NetName=+3.3V Pin=IC1-48
Added Pin To Net: NetName=+3.3V Pin=IC1-64
Added Pin To Net: NetName=+3.3V Pin=IC3-2
Added Pin To Net: NetName=+3.3V Pin=IC3-2
Added Pin To Net: NetName=+3.3V Pin=P8-2
Added Pin To Net: NetName=+3.3V Pin=R1-2
Added Pin To Net: NetName=+3.3V Pin=R2-2
Added Pin To Net: NetName=+3.3V Pin=R3-2
Added Pin To Net: NetName=+3.3V Pin=R4-2
Added Pin To Net: NetName=+3.3V Pin=R5-2
Added Pin To Net: NetName=+3.3V Pin=R6-2
Added Pin To Net: NetName=+3.3V Pin=R7-2
Added Pin To Net: NetName=+3.3V Pin=R13-2
Added Net: Name=+3.3V
