Removed Pin From Net: NetName=I/O 2 Pin=P8-1
Removed Pin From Net: NetName=+3.3V Pin=P8-2
Removed Pin From Net: NetName=I/O 3 Pin=P8-3
Removed Pin From Net: NetName=+5V Pin=P8-4
Removed Pin From Net: NetName=I/O 6 Pin=P8-5
Removed Pin From Net: NetName=I/O 1 Pin=P8-6
Removed Pin From Net: NetName=I/O 5 Pin=P8-7
Removed Pin From Net: NetName=GND Pin=P8-8
Removed Member From Class: ClassName=proyecto final Member=P8
Added Component: Designator=C26(C-0805)
Added Component: Designator=P5(HEADER 6x2)
Add component (AddParameter): Name = "LatestRevisionDate"; Value = "17-Jul-2002"; VariantName = "[No Variations]"
Add component (AddParameter): Name = "LatestRevisionNote"; Value = "Re-released for DXP Platform."; VariantName = "[No Variations]"
Add component (AddParameter): Name = "Publisher"; Value = "Altium Limited"; VariantName = "[No Variations]"
Added Component: Designator=R21(R-0805)
Added Component: Designator=Z1(SOT-23)
Added Pin To Net: NetName=GND Pin=C26-1
Added Pin To Net: NetName=I/O 2 Pin=P5-1
Added Pin To Net: NetName=+3.3V Pin=P5-2
Added Pin To Net: NetName=I/O 3 Pin=P5-3
Added Pin To Net: NetName=+5V Pin=P5-4
Added Pin To Net: NetName=I/O 6 Pin=P5-5
Added Pin To Net: NetName=I/O 1 Pin=P5-6
Added Pin To Net: NetName=I/O 5 Pin=P5-7
Added Pin To Net: NetName=GND Pin=P5-8
Added Pin To Net: NetName=GND Pin=Z1-1
Added Pin To Net: NetName=I/O 9 Pin=IC1-45
Added Pin To Net: NetName=I/O 9 Pin=P5-9
Added Net: Name=I/O 9
Added Pin To Net: NetName=I/O 10 Pin=IC1-41
Added Pin To Net: NetName=I/O 10 Pin=P5-11
Added Net: Name=I/O 10
Added Pin To Net: NetName=I/O 11 Pin=P5-10
Added Pin To Net: NetName=I/O 11 Pin=R21-1
Added Net: Name=I/O 11
Added Pin To Net: NetName=I/O 12 Pin=IC1-39
Added Pin To Net: NetName=I/O 12 Pin=P5-12
Added Net: Name=I/O 12
Added Pin To Net: NetName=Input 4 Pin=C26-2
Added Pin To Net: NetName=Input 4 Pin=IC1-14
Added Pin To Net: NetName=Input 4 Pin=R21-2
Added Pin To Net: NetName=Input 4 Pin=Z1-3
Added Net: Name=Input 4
Added Member To Class: ClassName=proyecto final Member=Component C26 100 nF
Added Member To Class: ClassName=proyecto final Member=Component P5 Header 5X2
Added Member To Class: ClassName=proyecto final Member=Component R21 Resistencia
Added Member To Class: ClassName=proyecto final Member=Component Z1 Zener
