Removed Pin From Net: NetName=PBin_ABAJO Pin=IC1-16
Removed Pin From Net: NetName=PBin_ARRIBA Pin=IC1-52
Removed Pin From Net: NetName=GND Pin=LD2-2
Removed Member From Class: ClassName=proyecto final Member=LD2
Removed Member From Class: ClassName=proyecto final Member=R14
Change Component Designator: OldDesignator=P? NewDesignator=P1
Change Component Designator: OldDesignator=P? NewDesignator=P3
Change Component Designator: OldDesignator=P? NewDesignator=P4
Change Component Designator: OldDesignator=P? NewDesignator=P5
Added Component: Designator=LD?(LD-0805-AZUL)
Added Component: Designator=R?(R-0805)
Added Pin To Net: NetName=PBin_ARRIBA Pin=IC1-44
Added Pin To Net: NetName=PBin_ABAJO Pin=IC1-45
Added Pin To Net: NetName=GND Pin=LD?-2
Added Pin To Net: NetName=NetIC1_57 Pin=IC1-57
Added Pin To Net: NetName=NetIC1_57 Pin=R?-1
Added Net: Name=NetIC1_57
Added Pin To Net: NetName=NetLD?_1 Pin=LD?-1
Added Pin To Net: NetName=NetLD?_1 Pin=R?-2
Added Net: Name=NetLD?_1
Added Member To Class: ClassName=proyecto final Member=Component LD? LED
Added Member To Class: ClassName=proyecto final Member=Component P1 Conector 1 Via
Added Member To Class: ClassName=proyecto final Member=Component P3 Conector 1 Via
Added Member To Class: ClassName=proyecto final Member=Component P4 Conector 1 Via
Added Member To Class: ClassName=proyecto final Member=Component R? 220
