Removed Pin From Net: NetName=Lo1 Pin=IC1-10
Removed Pin From Net: NetName=Ho1 Pin=IC1-11
Removed Pin From Net: NetName=Hf Pin=IC1-20
Removed Pin From Net: NetName=Input 3 Pin=IC1-27
Removed Pin From Net: NetName=Ho3 Pin=IC1-43
Removed Pin From Net: NetName=Ho2 Pin=IC1-56
Added Pin To Net: NetName=GND Pin=C30-1
Added Pin To Net: NetName=Vshunt Pin=C30-2
Added Pin To Net: NetName=D4 Pin=IC1-52
Added Pin To Net: NetName=D3 Pin=IC1-53
Added Pin To Net: NetName=D2 Pin=IC1-54
Added Pin To Net: NetName=D1 Pin=IC1-55
Added Pin To Net: NetName=Input 3 Pin=IC1-56
Added Pin To Net: NetName=EntradaCorriente Pin=R20-1
Added Pin To Net: NetName=Vshunt Pin=R20-2
Added Pin To Net: NetName=GND Pin=Z5-1
Added Pin To Net: NetName=Vshunt Pin=Z5-3
Added Pin To Net: NetName=D5 Pin=IC1-51
Added Pin To Net: NetName=D5 Pin=IC4-5
Added Net: Name=D5
Added Pin To Net: NetName=D6 Pin=IC1-50
Added Pin To Net: NetName=D6 Pin=IC4-6
Added Net: Name=D6
Added Member To Class: ClassName=proyecto final Member=Component C30 100 nF
Added Member To Class: ClassName=proyecto final Member=Component R20 Resistencia
Added Member To Class: ClassName=proyecto final Member=Component Z5 Zener
