Removed Pin From Net: NetName=NetC17_1 Pin=IC1-6
Removed Pin From Net: NetName=NetC17_1 Pin=P3-1
Removed Pin From Net: NetName=NetC16_1 Pin=R11-2
Removed Pin From Net: NetName=+5V Pin=VR1-1
Removed Pin From Net: NetName=GND Pin=VR1-2
Removed Pin From Net: NetName=+3.3V Pin=VR1-3
Removed Member From Class: ClassName=proyecto final Member=VR1
Change Component Comment : Designator=R11 Old Comment=1M New Comment=22K
Added Component: Designator=IC?(SOT-223 TERMICO)
Added Component: Designator=LS?(BUZZER)
Add component (AddParameter): Name = "LatestRevisionDate"; Value = "17-Jul-2002"; VariantName = "[No Variations]"
Add component (AddParameter): Name = "LatestRevisionNote"; Value = "Re-released for DXP Platform."; VariantName = "[No Variations]"
Add component (AddParameter): Name = "PackageReference"; Value = "PIN2"; VariantName = "[No Variations]"
Add component (AddParameter): Name = "Published"; Value = "24-Mar-1999"; VariantName = "[No Variations]"
Add component (AddParameter): Name = "Publisher"; Value = "Altium Limited"; VariantName = "[No Variations]"
Added Pin To Net: NetName=GND Pin=IC?-1
Added Pin To Net: NetName=+3.3V Pin=IC?-2
Added Pin To Net: NetName=+3.3V Pin=IC?-2
Added Pin To Net: NetName=+5V Pin=IC?-3
Added Pin To Net: NetName=NetIC1_6 Pin=IC1-6
Added Pin To Net: NetName=NetIC1_6 Pin=P3-1
Added Pin To Net: NetName=NetIC1_6 Pin=R11-2
Added Net: Name=NetIC1_6
Added Member To Class: ClassName=proyecto final Member=Component IC? LM1117MPX-
Added Member To Class: ClassName=proyecto final Member=Component LS? Buzzer
