Removed Pin From Net: NetName=+5V Pin=CONEXION DE POTENCIA-1
Removed Pin From Net: NetName=Ho1 Pin=CONEXION DE POTENCIA-2
Removed Pin From Net: NetName=Lo1 Pin=CONEXION DE POTENCIA-3
Removed Pin From Net: NetName=Ho2 Pin=CONEXION DE POTENCIA-4
Removed Pin From Net: NetName=Lo2 Pin=CONEXION DE POTENCIA-5
Removed Pin From Net: NetName=Ho3 Pin=CONEXION DE POTENCIA-6
Removed Pin From Net: NetName=Hf Pin=CONEXION DE POTENCIA-7
Removed Pin From Net: NetName=GND Pin=CONEXION DE POTENCIA-8
Removed Member From Class: ClassName=proyecto final Member=CONEXION DE POTENCIA
Added Component: Designator=P1(HEADER IDC 8 FEMALE)
Add component (AddParameter): Name = "LatestRevisionDate"; Value = "17-Jul-2002"; VariantName = "[No Variations]"
Add component (AddParameter): Name = "LatestRevisionNote"; Value = "Re-released for DXP Platform."; VariantName = "[No Variations]"
Add component (AddParameter): Name = "Publisher"; Value = "Altium Limited"; VariantName = "[No Variations]"
Added Pin To Net: NetName=+5V Pin=P1-1
Added Pin To Net: NetName=Lo2 Pin=P1-2
Added Pin To Net: NetName=Ho1 Pin=P1-3
Added Pin To Net: NetName=Ho3 Pin=P1-4
Added Pin To Net: NetName=Lo1 Pin=P1-5
Added Pin To Net: NetName=Hf Pin=P1-6
Added Pin To Net: NetName=Ho2 Pin=P1-7
Added Pin To Net: NetName=GND Pin=P1-8
Added Member To Class: ClassName=proyecto final Member=Component P1 Header 4X2
