Removed Pin From Net: NetName=NetC16_1 Pin=IC1-5
Removed Pin From Net: NetName=NetC17_1 Pin=IC1-6
Removed Pin From Net: NetName=NetC14_2 Pin=IC1-7
Removed Pin From Net: NetName=Ho1 Pin=IC1-8
Removed Pin From Net: NetName=Lo1 Pin=IC1-10
Removed Pin From Net: NetName=GND Pin=IC1-12
Removed Pin From Net: NetName=+3.3V Pin=IC1-13
Removed Pin From Net: NetName=PBin_OK Pin=IC1-14
Removed Pin From Net: NetName=PBin_ABAJO Pin=IC1-16
Removed Pin From Net: NetName=GND Pin=IC1-18
Removed Pin From Net: NetName=+3.3V Pin=IC1-19
Removed Pin From Net: NetName=PBin_ATRAS Pin=IC1-20
Removed Pin From Net: NetName=PBin_MAS Pin=IC1-22
Removed Pin From Net: NetName=Ho2 Pin=IC1-24
Removed Pin From Net: NetName=Vshunt Pin=IC1-26
Removed Pin From Net: NetName=GND Pin=IC1-31
Removed Pin From Net: NetName=+3.3V Pin=IC1-32
Removed Pin From Net: NetName=Lo2 Pin=IC1-37
Removed Pin From Net: NetName=Ho3 Pin=IC1-39
Removed Pin From Net: NetName=PBin_MENOS Pin=IC1-41
Removed Pin From Net: NetName=PBin_ARRIBA Pin=IC1-43
Removed Pin From Net: NetName=SWDIO Pin=IC1-46
Removed Pin From Net: NetName=GND Pin=IC1-47
Removed Pin From Net: NetName=+3.3V Pin=IC1-48
Removed Pin From Net: NetName=SWCLK Pin=IC1-49
Removed Pin From Net: NetName=Hf Pin=IC1-51
Removed Pin From Net: NetName=GND Pin=IC1-60
Removed Pin From Net: NetName=i2C_SCL Pin=IC1-61
Removed Pin From Net: NetName=i2C_SDA Pin=IC1-62
Removed Pin From Net: NetName=GND Pin=IC1-63
Removed Pin From Net: NetName=+3.3V Pin=IC1-64
Added Component: Designator=IC3(LQFP-64)
Added Pin To Net: NetName=NetC16_1 Pin=IC3-5
Added Pin To Net: NetName=NetC17_1 Pin=IC3-6
Added Pin To Net: NetName=NetC14_2 Pin=IC3-7
Added Pin To Net: NetName=Ho1 Pin=IC3-8
Added Pin To Net: NetName=Lo1 Pin=IC3-10
Added Pin To Net: NetName=GND Pin=IC3-12
Added Pin To Net: NetName=+3.3V Pin=IC3-13
Added Pin To Net: NetName=PBin_OK Pin=IC3-14
Added Pin To Net: NetName=PBin_ABAJO Pin=IC3-16
Added Pin To Net: NetName=GND Pin=IC3-18
Added Pin To Net: NetName=+3.3V Pin=IC3-19
Added Pin To Net: NetName=PBin_ATRAS Pin=IC3-20
Added Pin To Net: NetName=PBin_MAS Pin=IC3-22
Added Pin To Net: NetName=Ho2 Pin=IC3-24
Added Pin To Net: NetName=Vshunt Pin=IC3-26
Added Pin To Net: NetName=GND Pin=IC3-31
Added Pin To Net: NetName=+3.3V Pin=IC3-32
Added Pin To Net: NetName=Lo2 Pin=IC3-37
Added Pin To Net: NetName=Ho3 Pin=IC3-39
Added Pin To Net: NetName=PBin_MENOS Pin=IC3-41
Added Pin To Net: NetName=PBin_ARRIBA Pin=IC3-43
Added Pin To Net: NetName=SWDIO Pin=IC3-46
Added Pin To Net: NetName=GND Pin=IC3-47
Added Pin To Net: NetName=+3.3V Pin=IC3-48
Added Pin To Net: NetName=SWCLK Pin=IC3-49
Added Pin To Net: NetName=Hf Pin=IC3-51
Added Pin To Net: NetName=GND Pin=IC3-60
Added Pin To Net: NetName=i2C_SCL Pin=IC3-61
Added Pin To Net: NetName=i2C_SDA Pin=IC3-62
Added Pin To Net: NetName=GND Pin=IC3-63
Added Pin To Net: NetName=+3.3V Pin=IC3-64
Added Member To Class: ClassName=proyecto final Member=Component IC3 STM32F103RCT6
