Added Component: Designator=ALIMENTACION(CON 2)
Add component. Clean all parameters for all variants
Add component (AddParameter): Name = "LatestRevisionDate"; Value = "17-Jul-2002"; VariantName = "[No Variations]"
Add component (AddParameter): Name = "LatestRevisionNote"; Value = "Re-released for DXP Platform."; VariantName = "[No Variations]"
Add component (AddParameter): Name = "Publisher"; Value = "Altium Limited"; VariantName = "[No Variations]"
Added Component: Designator=C?(C-0805)
Add component. Clean all parameters for all variants
Added Component: Designator=C?(C-0805)
Add component. Clean all parameters for all variants
Added Component: Designator=C?(C-0805)
Add component. Clean all parameters for all variants
Added Component: Designator=C?(C-0805)
Add component. Clean all parameters for all variants
Added Component: Designator=C?(C-0805)
Add component. Clean all parameters for all variants
Added Component: Designator=C?(CAP Pitch 80 - 5x11)
Add component. Clean all parameters for all variants
Add component (AddParameter): Name = "LatestRevisionDate"; Value = "17-Jul-2002"; VariantName = "[No Variations]"
Add component (AddParameter): Name = "LatestRevisionNote"; Value = "Re-released for DXP Platform."; VariantName = "[No Variations]"
Add component (AddParameter): Name = "PackageReference"; Value = "RB7.6-15"; VariantName = "[No Variations]"
Add component (AddParameter): Name = "Published"; Value = "8-Jun-2000"; VariantName = "[No Variations]"
Add component (AddParameter): Name = "Publisher"; Value = "Altium Limited"; VariantName = "[No Variations]"
Add component (AddParameter): Name = "Value"; Value = ""; VariantName = "[No Variations]"
Added Component: Designator=C?(C-0805)
Add component. Clean all parameters for all variants
Added Component: Designator=C?(C-0805)
Add component. Clean all parameters for all variants
Added Component: Designator=IC?(LQFP-64)
Add component. Clean all parameters for all variants
Added Component: Designator=OP?(DIP-4)
Add component. Clean all parameters for all variants
Added Component: Designator=R?(R-0805)
Add component. Clean all parameters for all variants
Added Pin To Net: NetName=+3.3V Pin=ALIMENTACION-1
Added Pin To Net: NetName=+3.3V Pin=C?-1
Added Pin To Net: NetName=+3.3V Pin=C?-2
Added Pin To Net: NetName=+3.3V Pin=C?-2
Added Pin To Net: NetName=+3.3V Pin=C?-2
Added Pin To Net: NetName=+3.3V Pin=C?-2
Added Pin To Net: NetName=+3.3V Pin=C?-2
Added Pin To Net: NetName=+3.3V Pin=C?-2
Added Pin To Net: NetName=+3.3V Pin=IC?-13
Added Pin To Net: NetName=+3.3V Pin=IC?-19
Added Pin To Net: NetName=+3.3V Pin=IC?-32
Added Pin To Net: NetName=+3.3V Pin=IC?-48
Added Pin To Net: NetName=+3.3V Pin=IC?-64
Added Pin To Net: NetName=+3.3V Pin=R?-2
Added Net: Name=+3.3V
Added Pin To Net: NetName=GND Pin=ALIMENTACION-2
Added Pin To Net: NetName=GND Pin=C?-1
Added Pin To Net: NetName=GND Pin=C?-1
Added Pin To Net: NetName=GND Pin=C?-1
Added Pin To Net: NetName=GND Pin=C?-1
Added Pin To Net: NetName=GND Pin=C?-1
Added Pin To Net: NetName=GND Pin=C?-1
Added Pin To Net: NetName=GND Pin=C?-1
Added Pin To Net: NetName=GND Pin=C?-2
Added Pin To Net: NetName=GND Pin=IC?-12
Added Pin To Net: NetName=GND Pin=IC?-18
Added Pin To Net: NetName=GND Pin=IC?-31
Added Pin To Net: NetName=GND Pin=IC?-47
Added Pin To Net: NetName=GND Pin=IC?-63
Added Net: Name=GND
Added Pin To Net: NetName=NetC?_2 Pin=C?-2
Added Pin To Net: NetName=NetC?_2 Pin=IC?-7
Added Pin To Net: NetName=NetC?_2 Pin=R?-1
Added Net: Name=NetC?_2
Added Class: Name=proyecto final
Added Room: Name=proyecto final
