Added Component: Designator=C4(C-0805)
Added Component: Designator=C5(C-0805)
Added Component: Designator=C6(C-0805)
Added Component: Designator=C7(C-0805)
Added Component: Designator=C8(C-0805)
Added Pin To Net: NetName=GND Pin=C4-1
Added Pin To Net: NetName=PBin_ABAJO Pin=C4-2
Added Pin To Net: NetName=GND Pin=C5-1
Added Pin To Net: NetName=PBin_ATRAS Pin=C5-2
Added Pin To Net: NetName=GND Pin=C6-1
Added Pin To Net: NetName=PBin_MAS Pin=C6-2
Added Pin To Net: NetName=GND Pin=C7-1
Added Pin To Net: NetName=PBin_MENOS Pin=C7-2
Added Pin To Net: NetName=GND Pin=C8-1
Added Pin To Net: NetName=PBin_OK Pin=C8-2
Added Member To Class: ClassName=proyecto final Member=Component C4 100 nF
Added Member To Class: ClassName=proyecto final Member=Component C5 100 nF
Added Member To Class: ClassName=proyecto final Member=Component C6 100 nF
Added Member To Class: ClassName=proyecto final Member=Component C7 100 nF
Added Member To Class: ClassName=proyecto final Member=Component C8 100 nF
