Added Component: Designator=C?(C-0805)
Added Component: Designator=C?(C-0805)
Added Component: Designator=C?(C-0805)
Added Component: Designator=C?(C-0805)
Added Component: Designator=C?(C-0805)
Added Component: Designator=R?(R-0805)
Added Component: Designator=R?(R-0805)
Added Component: Designator=R?(R-0805)
Added Pin To Net: NetName=GND Pin=C?-1
Added Pin To Net: NetName=GND Pin=C?-1
Added Pin To Net: NetName=GND Pin=C?-1
Added Pin To Net: NetName=GND Pin=C?-2
Added Pin To Net: NetName=GND Pin=C?-2
Added Pin To Net: NetName=GND Pin=R?-1
Added Pin To Net: NetName=GND Pin=R?-1
Added Pin To Net: NetName=+5V Pin=C?-1
Added Pin To Net: NetName=+5V Pin=C?-2
Added Pin To Net: NetName=+5V Pin=R?-2
Added Net: Name=+5V
Added Pin To Net: NetName=+Vcc Pin=C?-1
Added Pin To Net: NetName=+Vcc Pin=C?-2
Added Net: Name=+Vcc
Added Net: Name=MP1593_ENABLE
Added Pin To Net: NetName=NetC?_1 Pin=C?-1
Added Net: Name=NetC?_1
Added Pin To Net: NetName=NetC?_2 Pin=C?-2
Added Net: Name=NetC?_2
Added Pin To Net: NetName=NetIC?_5 Pin=R?-1
Added Pin To Net: NetName=NetIC?_5 Pin=R?-2
Added Net: Name=NetIC?_5
Added Member To Class: ClassName=proyecto final Member=Component C? 100uF x 25v
Added Member To Class: ClassName=proyecto final Member=Component C? 10nF
Added Member To Class: ClassName=proyecto final Member=Component C? 100nF
Added Member To Class: ClassName=proyecto final Member=Component C? __ nF
Added Member To Class: ClassName=proyecto final Member=Component C? 100uF x 6.3v
Added Member To Class: ClassName=proyecto final Member=Component C? 100nF
Added Member To Class: ClassName=proyecto final Member=Component C? 10nF
Added Member To Class: ClassName=proyecto final Member=Component R? 47k
Added Member To Class: ClassName=proyecto final Member=Component R? 15k
Added Member To Class: ClassName=proyecto final Member=Component R? 6.8k
