Added Component: Designator=C27(CAP NP Pitch 100)
Added Component: Designator=C28(CAP NP Pitch 100)
Added Component: Designator=C29(CAP NP Pitch 100)
Added Component: Designator=C30(CAP NP Pitch 100)
Added Component: Designator=LD1(LD-0805-AZUL)
Added Component: Designator=LD2(LD-0805-AZUL)
Added Component: Designator=LD3(LD-0805-AZUL)
Added Component: Designator=LD4(LD-0805-AZUL)
Added Component: Designator=P5(CON 9)
Add component (AddParameter): Name = "LatestRevisionDate"; Value = "17-Jul-2002"; VariantName = "[No Variations]"
Add component (AddParameter): Name = "LatestRevisionNote"; Value = "Re-released for DXP Platform."; VariantName = "[No Variations]"
Add component (AddParameter): Name = "Publisher"; Value = "Altium Limited"; VariantName = "[No Variations]"
Added Component: Designator=R13(R-0805)
Added Component: Designator=R14(R-2512)
Added Component: Designator=R15(R-2512)
Added Component: Designator=R16(R-2512)
Added Component: Designator=R17(R-2512)
Added Component: Designator=R18(R-2512)
Added Component: Designator=R19(R-2512)
Added Component: Designator=R20(R-2512)
Added Component: Designator=Z2(SOT-23)
Added Component: Designator=Z3(SOT-23)
Added Component: Designator=Z4(SOT-23)
Added Component: Designator=Z5(SOT-23)
Added Pin To Net: NetName=GND Pin=C27-1
Added Pin To Net: NetName=GND Pin=C28-1
Added Pin To Net: NetName=GND Pin=C29-1
Added Pin To Net: NetName=GND Pin=C30-1
Added Pin To Net: NetName=GND Pin=LD1-2
Added Pin To Net: NetName=GND Pin=LD2-2
Added Pin To Net: NetName=GND Pin=LD3-2
Added Pin To Net: NetName=GND Pin=LD4-2
Added Pin To Net: NetName=GND Pin=P5-9
Added Pin To Net: NetName=+3.3V Pin=R13-2
Added Pin To Net: NetName=GND Pin=Z2-1
Added Pin To Net: NetName=GND Pin=Z3-1
Added Pin To Net: NetName=GND Pin=Z4-1
Added Pin To Net: NetName=GND Pin=Z5-1
Added Pin To Net: NetName=I/O 1 Pin=IC1-44
Added Pin To Net: NetName=I/O 1 Pin=P5-1
Added Net: Name=I/O 1
Added Pin To Net: NetName=I/O 2 Pin=IC1-45
Added Pin To Net: NetName=I/O 2 Pin=P5-2
Added Net: Name=I/O 2
Added Pin To Net: NetName=I/O 3 Pin=IC1-28
Added Pin To Net: NetName=I/O 3 Pin=P5-3
Added Net: Name=I/O 3
Added Pin To Net: NetName=I/O 4 Pin=IC1-55
Added Pin To Net: NetName=I/O 4 Pin=P5-4
Added Net: Name=I/O 4
Added Pin To Net: NetName=I/O 5 Pin=P5-5
Added Pin To Net: NetName=I/O 5 Pin=R18-1
Added Net: Name=I/O 5
Added Pin To Net: NetName=I/O 6 Pin=P5-6
Added Pin To Net: NetName=I/O 6 Pin=R17-1
Added Net: Name=I/O 6
Added Pin To Net: NetName=I/O 7 Pin=P5-7
Added Pin To Net: NetName=I/O 7 Pin=R19-1
Added Net: Name=I/O 7
Added Pin To Net: NetName=I/O 8 Pin=P5-8
Added Pin To Net: NetName=I/O 8 Pin=R20-1
Added Net: Name=I/O 8
Added Pin To Net: NetName=Input 1 Pin=C28-2
Added Pin To Net: NetName=Input 1 Pin=IC1-56
Added Pin To Net: NetName=Input 1 Pin=R18-2
Added Pin To Net: NetName=Input 1 Pin=Z3-3
Added Net: Name=Input 1
Added Pin To Net: NetName=Input 2 Pin=C27-2
Added Pin To Net: NetName=Input 2 Pin=IC1-57
Added Pin To Net: NetName=Input 2 Pin=R17-2
Added Pin To Net: NetName=Input 2 Pin=Z2-3
Added Net: Name=Input 2
Added Pin To Net: NetName=Input 3 Pin=C29-2
Added Pin To Net: NetName=Input 3 Pin=IC1-58
Added Pin To Net: NetName=Input 3 Pin=R19-2
Added Pin To Net: NetName=Input 3 Pin=Z4-3
Added Net: Name=Input 3
Added Pin To Net: NetName=Input 4 Pin=C30-2
Added Pin To Net: NetName=Input 4 Pin=IC1-59
Added Pin To Net: NetName=Input 4 Pin=R20-2
Added Pin To Net: NetName=Input 4 Pin=Z5-3
Added Net: Name=Input 4
Added Pin To Net: NetName=NetIC1_25 Pin=IC1-25
Added Pin To Net: NetName=NetIC1_25 Pin=R16-1
Added Net: Name=NetIC1_25
Added Pin To Net: NetName=NetIC1_27 Pin=IC1-27
Added Pin To Net: NetName=NetIC1_27 Pin=R14-1
Added Net: Name=NetIC1_27
Added Pin To Net: NetName=NetIC1_33 Pin=IC1-33
Added Pin To Net: NetName=NetIC1_33 Pin=R15-1
Added Net: Name=NetIC1_33
Added Pin To Net: NetName=NetLD1_1 Pin=LD1-1
Added Pin To Net: NetName=NetLD1_1 Pin=R13-1
Added Net: Name=NetLD1_1
Added Pin To Net: NetName=NetLD2_1 Pin=LD2-1
Added Pin To Net: NetName=NetLD2_1 Pin=R14-2
Added Net: Name=NetLD2_1
Added Pin To Net: NetName=NetLD3_1 Pin=LD3-1
Added Pin To Net: NetName=NetLD3_1 Pin=R15-2
Added Net: Name=NetLD3_1
Added Pin To Net: NetName=NetLD4_1 Pin=LD4-1
Added Pin To Net: NetName=NetLD4_1 Pin=R16-2
Added Net: Name=NetLD4_1
Added Member To Class: ClassName=proyecto final Member=Component C27 100 nF
Added Member To Class: ClassName=proyecto final Member=Component C28 100 nF
Added Member To Class: ClassName=proyecto final Member=Component C29 100 nF
Added Member To Class: ClassName=proyecto final Member=Component C30 100 nF
Added Member To Class: ClassName=proyecto final Member=Component LD1 LED
Added Member To Class: ClassName=proyecto final Member=Component LD2 LED
Added Member To Class: ClassName=proyecto final Member=Component LD3 LED
Added Member To Class: ClassName=proyecto final Member=Component LD4 LED
Added Member To Class: ClassName=proyecto final Member=Component P5 Conector 9 Vias
Added Member To Class: ClassName=proyecto final Member=Component R13 220
Added Member To Class: ClassName=proyecto final Member=Component R14 220
Added Member To Class: ClassName=proyecto final Member=Component R15 220
Added Member To Class: ClassName=proyecto final Member=Component R16 220
Added Member To Class: ClassName=proyecto final Member=Component R17 Resistencia
Added Member To Class: ClassName=proyecto final Member=Component R18 Resistencia
Added Member To Class: ClassName=proyecto final Member=Component R19 Resistencia
Added Member To Class: ClassName=proyecto final Member=Component R20 Resistencia
Added Member To Class: ClassName=proyecto final Member=Component Z2 Zener
Added Member To Class: ClassName=proyecto final Member=Component Z3 Zener
Added Member To Class: ClassName=proyecto final Member=Component Z4 Zener
Added Member To Class: ClassName=proyecto final Member=Component Z5 Zener
